c:\users\201756835\desktop\lab2\project1\project1\x64\debug\vc141.pdb
c:\users\201756835\desktop\lab2\project1\project1\x64\debug\vc141.idb
c:\users\201756835\desktop\lab2\project1\project1\x64\debug\main.obj
c:\users\201756835\desktop\lab2\project1\project1\x64\debug\grille.obj
c:\users\201756835\desktop\lab2\project1\x64\debug\tp4_jérémielacroix.exe
c:\users\201756835\desktop\lab2\project1\x64\debug\tp4_jérémielacroix.ilk
c:\users\201756835\desktop\lab2\project1\x64\debug\tp4_jérémielacroix.pdb
c:\users\201756835\downloads\tp4-20181130t155000z-001\tp4\project1\x64\debug\grille.obj
c:\users\201756835\downloads\tp4-20181130t155000z-001\tp4\project1\x64\debug\main.obj
c:\users\201756835\downloads\tp4-20181130t155000z-001\tp4\project1\x64\debug\grille.obj.enc
c:\users\201756835\downloads\tp4-20181130t155000z-001\tp4\project1\x64\debug\main.obj.enc
c:\users\201756835\downloads\tp4-20181130t155000z-001\tp4\project1\x64\debug\vc141.idb
c:\users\201756835\downloads\tp4-20181130t155000z-001\tp4\project1\x64\debug\vc141.pdb
c:\users\201756835\downloads\tp4-20181130t155000z-001\tp4\x64\debug\tp4_jérémielacroix.pdb
c:\users\201756835\downloads\tp4-20181130t155000z-001\tp4\x64\debug\tp4_jérémielacroix.exe
c:\users\201756835\downloads\tp4-20181130t155000z-001\tp4\x64\debug\tp4_jérémielacroix.ilk
c:\users\201756835\downloads\tp4-20181130t155000z-001\tp4\project1\x64\debug\tp4_jéré.d8be9c52.tlog\cl.command.1.tlog
c:\users\201756835\downloads\tp4-20181130t155000z-001\tp4\project1\x64\debug\tp4_jéré.d8be9c52.tlog\cl.read.1.tlog
c:\users\201756835\downloads\tp4-20181130t155000z-001\tp4\project1\x64\debug\tp4_jéré.d8be9c52.tlog\cl.write.1.tlog
c:\users\201756835\downloads\tp4-20181130t155000z-001\tp4\project1\x64\debug\tp4_jéré.d8be9c52.tlog\link.command.1.tlog
c:\users\201756835\downloads\tp4-20181130t155000z-001\tp4\project1\x64\debug\tp4_jéré.d8be9c52.tlog\link.read.1.tlog
c:\users\201756835\downloads\tp4-20181130t155000z-001\tp4\project1\x64\debug\tp4_jéré.d8be9c52.tlog\link.write.1.tlog
